<?xml version="1.0" encoding="UTF-8"?>
<!-- Generated by org.testng.reporters.JUnitReportReporter -->
<testsuite hostname="SD" failures="0" tests="1" name="com.qa.Testcases.Testcase" time="0.010" errors="0" timestamp="22 Apr 2020 11:44:04 GMT" skipped="0">
  <testcase classname="com.qa.Testcases.Testcase" name="test" time="0.010"/>
</testsuite> <!-- com.qa.Testcases.Testcase -->
